<?xml version="1.0" encoding="UTF-8"?>
<testng-results skipped="0" failed="0" ignored="0" total="1" passed="1">
  <reporter-output>
  </reporter-output>
  <suite name="Default suite" duration-ms="753" started-at="2017-08-28T04:48:41Z" finished-at="2017-08-28T04:48:42Z">
    <groups>
    </groups>
    <test name="Default test" duration-ms="753" started-at="2017-08-28T04:48:41Z" finished-at="2017-08-28T04:48:42Z">
      <class name="com.companyName.Utils.ExcelUtils">
        <test-method status="PASS" signature="testM()[pri:0, instance:com.companyName.Utils.ExcelUtils@1bce4f0a]" name="testM" duration-ms="723" started-at="2017-08-28T10:18:41Z" finished-at="2017-08-28T10:18:42Z">
          <reporter-output>
          </reporter-output>
        </test-method> <!-- testM -->
      </class> <!-- com.companyName.Utils.ExcelUtils -->
    </test> <!-- Default test -->
  </suite> <!-- Default suite -->
</testng-results>
