<?xml version="1.0" encoding="UTF-8"?>
<testng-results skipped="0" failed="0" ignored="0" total="1" passed="1">
  <reporter-output>
  </reporter-output>
  <suite name="Default suite" duration-ms="628" started-at="2017-08-24T04:31:52Z" finished-at="2017-08-24T04:31:53Z">
    <groups>
    </groups>
    <test name="Default test" duration-ms="628" started-at="2017-08-24T04:31:52Z" finished-at="2017-08-24T04:31:53Z">
      <class name="com.companyName.Test.TestLoginPage">
        <test-method status="PASS" signature="setup()[pri:0, instance:com.companyName.Test.TestLoginPage@5c3bd550]" name="setup" is-config="true" duration-ms="6591" started-at="2017-08-24T10:01:46Z" finished-at="2017-08-24T10:01:52Z">
          <reporter-output>
          </reporter-output>
        </test-method> <!-- setup -->
        <test-method status="PASS" signature="testLogin()[pri:0, instance:com.companyName.Test.TestLoginPage@5c3bd550]" name="testLogin" duration-ms="610" started-at="2017-08-24T10:01:52Z" finished-at="2017-08-24T10:01:53Z">
          <reporter-output>
          </reporter-output>
        </test-method> <!-- testLogin -->
      </class> <!-- com.companyName.Test.TestLoginPage -->
    </test> <!-- Default test -->
  </suite> <!-- Default suite -->
</testng-results>
